#
# There is insufficient memory for the Java Runtime Environment to continue.
# Native memory allocation (malloc) failed to allocate 262160 bytes for Chunk::new
# Possible reasons:
#   The system is out of physical RAM or swap space
#   The process is running with CompressedOops enabled, and the Java Heap may be blocking the growth of the native heap
# Possible solutions:
#   Reduce memory load on the system
#   Increase physical memory or swap space
#   Check if swap backing store is full
#   Decrease Java heap size (-Xmx/-Xms)
#   Decrease number of Java threads
#   Decrease Java thread stack sizes (-Xss)
#   Set larger code cache with -XX:ReservedCodeCacheSize=
#   JVM is running with Unscaled Compressed Oops mode in which the Java heap is
#     placed in the first 4GB address space. The Java Heap base address is the
#     maximum limit for the native heap growth. Please use -XX:HeapBaseMinAddress
#     to set the Java Heap base and to place the Java Heap above 4GB virtual address.
# This output file may be truncated or incomplete.
#
#  Out of Memory Error (arena.cpp:184), pid=4112, tid=8380
#
# JRE version: Java(TM) SE Runtime Environment (19.0.2+7) (build 19.0.2+7-44)
# Java VM: Java HotSpot(TM) 64-Bit Server VM (19.0.2+7-44, mixed mode, sharing, tiered, compressed oops, compressed class ptrs, g1 gc, windows-amd64)
# No core dump will be written. Minidumps are not enabled by default on client versions of Windows
#

---------------  S U M M A R Y ------------

Command Line: -ea -Dfile.encoding=UTF-8 -XX:+ShowCodeDetailsInExceptionMessages org.testng.remote.RemoteTestNG -serport 64596 -protocol json -d C:\Users\MY PC\eclipse-workspace\actitime\test-output C:\Users\MYPC~1\AppData\Local\Temp\testng-eclipse--1657031068\testng-customsuite.xml

Host: Intel(R) Core(TM) i5-4200U CPU @ 1.60GHz, 4 cores, 3G,  Windows 10 , 64 bit Build 19041 (10.0.19041.3155)
Time: Tue Jul 25 21:13:44 2023 India Standard Time elapsed time: 3.830157 seconds (0d 0h 0m 3s)

---------------  T H R E A D  ---------------

Current thread (0x000001cf79afe3d0):  JavaThread "C2 CompilerThread0" daemon [_thread_in_native, id=8380, stack(0x000000ca3a800000,0x000000ca3a900000)]


Current CompileTask:
C2:   3830 2064       4       java.lang.invoke.MethodType::makeImpl (109 bytes)

Stack: [0x000000ca3a800000,0x000000ca3a900000]
Native frames: (J=compiled Java code, j=interpreted, Vv=VM code, C=native code)
V  [jvm.dll+0x6ee21a]
V  [jvm.dll+0x85765e]
V  [jvm.dll+0x85904e]
V  [jvm.dll+0x859703]
V  [jvm.dll+0x28298f]
V  [jvm.dll+0xc9adf]
V  [jvm.dll+0xc9e65]
V  [jvm.dll+0x7152c5]
V  [jvm.dll+0x7156f3]
V  [jvm.dll+0x71733b]
V  [jvm.dll+0x715caa]
V  [jvm.dll+0x60ecd8]
V  [jvm.dll+0x24e2da]
V  [jvm.dll+0x24b673]
V  [jvm.dll+0x1d6ce1]
V  [jvm.dll+0x25b25a]
V  [jvm.dll+0x2596e8]
V  [jvm.dll+0x807588]
V  [jvm.dll+0x80125a]
V  [jvm.dll+0x6ecf0b]
C  [ucrtbase.dll+0x21bb2]
C  [KERNEL32.DLL+0x17614]
C  [ntdll.dll+0x526b1]


---------------  P R O C E S S  ---------------

Threads class SMR info:
_java_thread_list=0x000001cf7ef06500, length=18, elements={
0x000001cf6d1ce590, 0x000001cf79ae8cb0, 0x000001cf79aea3e0, 0x000001cf79aef390,
0x000001cf79aeff60, 0x000001cf79af1170, 0x000001cf79af3fa0, 0x000001cf79afe3d0,
0x000001cf79b05c10, 0x000001cf79b1f040, 0x000001cf79b22010, 0x000001cf79b21ac0,
0x000001cf79b20030, 0x000001cf79b20580, 0x000001cf79b20ad0, 0x000001cf79b1eaf0,
0x000001cf79b1fae0, 0x000001cf7eef8820
}

Java Threads: ( => current thread )
  0x000001cf6d1ce590 JavaThread "main" [_thread_in_native, id=11856, stack(0x000000ca39b00000,0x000000ca39c00000)]
  0x000001cf79ae8cb0 JavaThread "Reference Handler" daemon [_thread_blocked, id=1564, stack(0x000000ca3a200000,0x000000ca3a300000)]
  0x000001cf79aea3e0 JavaThread "Finalizer" daemon [_thread_blocked, id=11152, stack(0x000000ca3a300000,0x000000ca3a400000)]
  0x000001cf79aef390 JavaThread "Signal Dispatcher" daemon [_thread_blocked, id=516, stack(0x000000ca3a400000,0x000000ca3a500000)]
  0x000001cf79aeff60 JavaThread "Attach Listener" daemon [_thread_blocked, id=6188, stack(0x000000ca3a500000,0x000000ca3a600000)]
  0x000001cf79af1170 JavaThread "Service Thread" daemon [_thread_blocked, id=5424, stack(0x000000ca3a600000,0x000000ca3a700000)]
  0x000001cf79af3fa0 JavaThread "Monitor Deflation Thread" daemon [_thread_blocked, id=12896, stack(0x000000ca3a700000,0x000000ca3a800000)]
=>0x000001cf79afe3d0 JavaThread "C2 CompilerThread0" daemon [_thread_in_native, id=8380, stack(0x000000ca3a800000,0x000000ca3a900000)]
  0x000001cf79b05c10 JavaThread "C1 CompilerThread0" daemon [_thread_blocked, id=4120, stack(0x000000ca3a900000,0x000000ca3aa00000)]
  0x000001cf79b1f040 JavaThread "Sweeper thread" daemon [_thread_blocked, id=13668, stack(0x000000ca3aa00000,0x000000ca3ab00000)]
  0x000001cf79b22010 JavaThread "Notification Thread" daemon [_thread_blocked, id=14552, stack(0x000000ca3ab00000,0x000000ca3ac00000)]
  0x000001cf79b21ac0 JavaThread "Common-Cleaner" daemon [_thread_blocked, id=1972, stack(0x000000ca3ad00000,0x000000ca3ae00000)]
  0x000001cf79b20030 JavaThread "ReaderThread" [_thread_in_native, id=8668, stack(0x000000ca3af00000,0x000000ca3b000000)]
  0x000001cf79b20580 JavaThread "ForkJoinPool.commonPool-worker-1" daemon [_thread_blocked, id=12472, stack(0x000000ca3b300000,0x000000ca3b400000)]
  0x000001cf79b20ad0 JavaThread "AsyncHttpClient-1-1" daemon [_thread_blocked, id=12244, stack(0x000000ca3b400000,0x000000ca3b500000)]
  0x000001cf79b1eaf0 JavaThread "Driver Service Executor" daemon [_thread_blocked, id=5124, stack(0x000000ca3b900000,0x000000ca3ba00000)]
  0x000001cf79b1fae0 JavaThread "UrlChecker-2" daemon [_thread_blocked, id=13864, stack(0x000000ca3b600000,0x000000ca3b700000)]
  0x000001cf7eef8820 JavaThread "C2 CompilerThread1" daemon [_thread_in_native, id=10744, stack(0x000000ca3b700000,0x000000ca3b800000)]

Other Threads:
  0x000001cf6d292340 VMThread "VM Thread" [stack: 0x000000ca3a100000,0x000000ca3a200000] [id=9368]
  0x000001cf7dd861a0 WatcherThread "VM Periodic Task Thread" [stack: 0x000000ca3ac00000,0x000000ca3ad00000] [id=11084]
  0x000001cf6d211d00 WorkerThread "GC Thread#0" [stack: 0x000000ca39c00000,0x000000ca39d00000] [id=12476]
  0x000001cf7e0f93f0 WorkerThread "GC Thread#1" [stack: 0x000000ca3b000000,0x000000ca3b100000] [id=10384]
  0x000001cf7e0f96c0 WorkerThread "GC Thread#2" [stack: 0x000000ca3b100000,0x000000ca3b200000] [id=3724]
  0x000001cf7e0f9990 WorkerThread "GC Thread#3" [stack: 0x000000ca3b200000,0x000000ca3b300000] [id=13372]
  0x000001cf6d21a830 ConcurrentGCThread "G1 Main Marker" [stack: 0x000000ca39d00000,0x000000ca39e00000] [id=6932]
  0x000001cf6d21bab0 WorkerThread "G1 Conc#0" [stack: 0x000000ca39e00000,0x000000ca39f00000] [id=10816]
  0x000001cf6d26fe90 ConcurrentGCThread "G1 Refine#0" [stack: 0x000000ca39f00000,0x000000ca3a000000] [id=9540]
  0x000001cf6d2708e0 ConcurrentGCThread "G1 Service" [stack: 0x000000ca3a000000,0x000000ca3a100000] [id=7800]

Threads with active compile tasks:
C2 CompilerThread0     3890 2064       4       java.lang.invoke.MethodType::makeImpl (109 bytes)
C2 CompilerThread1     3890 2210       4       java.util.HashMap::putVal (300 bytes)

VM state: not at safepoint (normal execution)

VM Mutex/Monitor currently owned by a thread: None

OutOfMemory and StackOverflow Exception counts:
OutOfMemoryError java_heap_errors=1
LinkageErrors=56

Heap address: 0x00000000c1a00000, size: 998 MB, Compressed Oops mode: 32-bit

CDS archive(s) mapped at: [0x0000000800000000-0x0000000800c40000-0x0000000800c40000), size 12845056, SharedBaseAddress: 0x0000000800000000, ArchiveRelocationMode: 0.
Compressed class space mapped at: 0x0000000801000000-0x0000000841000000, reserved size: 1073741824
Narrow klass base: 0x0000000800000000, Narrow klass shift: 0, Narrow klass range: 0x100000000

GC Precious Log:
 CardTable entry size: 512
 Card Set container configuration: InlinePtr #cards 5 size 8 Array Of Cards #cards 12 size 40 Howl #buckets 4 coarsen threshold 1843 Howl Bitmap #cards 512 size 80 coarsen threshold 460 Card regions per heap region 1 cards per card region 2048
 CPUs: 4 total, 4 available
 Memory: 3988M
 Large Page Support: Disabled
 NUMA Support: Disabled
 Compressed Oops: Enabled (32-bit)
 Heap Region Size: 1M
 Heap Min Capacity: 8M
 Heap Initial Capacity: 64M
 Heap Max Capacity: 998M
 Pre-touch: Disabled
 Parallel Workers: 4
 Concurrent Workers: 1
 Concurrent Refinement Workers: 4
 Periodic GC: Disabled

Heap:
 garbage-first heap   total 65536K, used 19589K [0x00000000c1a00000, 0x0000000100000000)
  region size 1024K, 9 young (9216K), 3 survivors (3072K)
 Metaspace       used 18520K, committed 18880K, reserved 1114112K
  class space    used 2105K, committed 2304K, reserved 1048576K

Heap Regions: E=young(eden), S=young(survivor), O=old, HS=humongous(starts), HC=humongous(continues), CS=collection set, F=free, OA=open archive, CA=closed archive, TAMS=top-at-mark-start (previous, next)
|   0|0x00000000c1a00000, 0x00000000c1b00000, 0x00000000c1b00000|100%| O|  |TAMS 0x00000000c1a00000, 0x00000000c1a00000| Untracked 
|   1|0x00000000c1b00000, 0x00000000c1c00000, 0x00000000c1c00000|100%|HS|  |TAMS 0x00000000c1b00000, 0x00000000c1b00000| Complete 
|   2|0x00000000c1c00000, 0x00000000c1d00000, 0x00000000c1d00000|100%|HS|  |TAMS 0x00000000c1c00000, 0x00000000c1c00000| Complete 
|   3|0x00000000c1d00000, 0x00000000c1e00000, 0x00000000c1e00000|100%|HC|  |TAMS 0x00000000c1d00000, 0x00000000c1d00000| Complete 
|   4|0x00000000c1e00000, 0x00000000c1f00000, 0x00000000c1f00000|100%|HS|  |TAMS 0x00000000c1e00000, 0x00000000c1e00000| Complete 
|   5|0x00000000c1f00000, 0x00000000c2000000, 0x00000000c2000000|100%|HC|  |TAMS 0x00000000c1f00000, 0x00000000c1f00000| Complete 
|   6|0x00000000c2000000, 0x00000000c2100000, 0x00000000c2100000|100%| O|  |TAMS 0x00000000c2000000, 0x00000000c2000000| Untracked 
|   7|0x00000000c2100000, 0x00000000c2200000, 0x00000000c2200000|100%| O|  |TAMS 0x00000000c2100000, 0x00000000c2100000| Untracked 
|   8|0x00000000c2200000, 0x00000000c2300000, 0x00000000c2300000|100%| O|  |TAMS 0x00000000c2200000, 0x00000000c2200000| Untracked 
|   9|0x00000000c2300000, 0x00000000c2400000, 0x00000000c2400000|100%| O|  |TAMS 0x00000000c2300000, 0x00000000c2300000| Untracked 
|  10|0x00000000c2400000, 0x00000000c2500000, 0x00000000c2500000|100%| O|  |TAMS 0x00000000c2400000, 0x00000000c2400000| Untracked 
|  11|0x00000000c2500000, 0x00000000c2521400, 0x00000000c2600000| 12%| O|  |TAMS 0x00000000c2500000, 0x00000000c2500000| Untracked 
|  12|0x00000000c2600000, 0x00000000c2600000, 0x00000000c2700000|  0%| F|  |TAMS 0x00000000c2600000, 0x00000000c2600000| Untracked 
|  13|0x00000000c2700000, 0x00000000c2700000, 0x00000000c2800000|  0%| F|  |TAMS 0x00000000c2700000, 0x00000000c2700000| Untracked 
|  14|0x00000000c2800000, 0x00000000c2800000, 0x00000000c2900000|  0%| F|  |TAMS 0x00000000c2800000, 0x00000000c2800000| Untracked 
|  15|0x00000000c2900000, 0x00000000c2900000, 0x00000000c2a00000|  0%| F|  |TAMS 0x00000000c2900000, 0x00000000c2900000| Untracked 
|  16|0x00000000c2a00000, 0x00000000c2a00000, 0x00000000c2b00000|  0%| F|  |TAMS 0x00000000c2a00000, 0x00000000c2a00000| Untracked 
|  17|0x00000000c2b00000, 0x00000000c2b00000, 0x00000000c2c00000|  0%| F|  |TAMS 0x00000000c2b00000, 0x00000000c2b00000| Untracked 
|  18|0x00000000c2c00000, 0x00000000c2c00000, 0x00000000c2d00000|  0%| F|  |TAMS 0x00000000c2c00000, 0x00000000c2c00000| Untracked 
|  19|0x00000000c2d00000, 0x00000000c2d00000, 0x00000000c2e00000|  0%| F|  |TAMS 0x00000000c2d00000, 0x00000000c2d00000| Untracked 
|  20|0x00000000c2e00000, 0x00000000c2e00000, 0x00000000c2f00000|  0%| F|  |TAMS 0x00000000c2e00000, 0x00000000c2e00000| Untracked 
|  21|0x00000000c2f00000, 0x00000000c2f00000, 0x00000000c3000000|  0%| F|  |TAMS 0x00000000c2f00000, 0x00000000c2f00000| Untracked 
|  22|0x00000000c3000000, 0x00000000c3000000, 0x00000000c3100000|  0%| F|  |TAMS 0x00000000c3000000, 0x00000000c3000000| Untracked 
|  23|0x00000000c3100000, 0x00000000c3100000, 0x00000000c3200000|  0%| F|  |TAMS 0x00000000c3100000, 0x00000000c3100000| Untracked 
|  24|0x00000000c3200000, 0x00000000c3200000, 0x00000000c3300000|  0%| F|  |TAMS 0x00000000c3200000, 0x00000000c3200000| Untracked 
|  25|0x00000000c3300000, 0x00000000c3300000, 0x00000000c3400000|  0%| F|  |TAMS 0x00000000c3300000, 0x00000000c3300000| Untracked 
|  26|0x00000000c3400000, 0x00000000c3400000, 0x00000000c3500000|  0%| F|  |TAMS 0x00000000c3400000, 0x00000000c3400000| Untracked 
|  27|0x00000000c3500000, 0x00000000c3500000, 0x00000000c3600000|  0%| F|  |TAMS 0x00000000c3500000, 0x00000000c3500000| Untracked 
|  28|0x00000000c3600000, 0x00000000c3600000, 0x00000000c3700000|  0%| F|  |TAMS 0x00000000c3600000, 0x00000000c3600000| Untracked 
|  29|0x00000000c3700000, 0x00000000c3700000, 0x00000000c3800000|  0%| F|  |TAMS 0x00000000c3700000, 0x00000000c3700000| Untracked 
|  30|0x00000000c3800000, 0x00000000c3800000, 0x00000000c3900000|  0%| F|  |TAMS 0x00000000c3800000, 0x00000000c3800000| Untracked 
|  31|0x00000000c3900000, 0x00000000c3900000, 0x00000000c3a00000|  0%| F|  |TAMS 0x00000000c3900000, 0x00000000c3900000| Untracked 
|  32|0x00000000c3a00000, 0x00000000c3a00000, 0x00000000c3b00000|  0%| F|  |TAMS 0x00000000c3a00000, 0x00000000c3a00000| Untracked 
|  33|0x00000000c3b00000, 0x00000000c3b00000, 0x00000000c3c00000|  0%| F|  |TAMS 0x00000000c3b00000, 0x00000000c3b00000| Untracked 
|  34|0x00000000c3c00000, 0x00000000c3c00000, 0x00000000c3d00000|  0%| F|  |TAMS 0x00000000c3c00000, 0x00000000c3c00000| Untracked 
|  35|0x00000000c3d00000, 0x00000000c3d00000, 0x00000000c3e00000|  0%| F|  |TAMS 0x00000000c3d00000, 0x00000000c3d00000| Untracked 
|  36|0x00000000c3e00000, 0x00000000c3e00000, 0x00000000c3f00000|  0%| F|  |TAMS 0x00000000c3e00000, 0x00000000c3e00000| Untracked 
|  37|0x00000000c3f00000, 0x00000000c3f00000, 0x00000000c4000000|  0%| F|  |TAMS 0x00000000c3f00000, 0x00000000c3f00000| Untracked 
|  38|0x00000000c4000000, 0x00000000c4000000, 0x00000000c4100000|  0%| F|  |TAMS 0x00000000c4000000, 0x00000000c4000000| Untracked 
|  39|0x00000000c4100000, 0x00000000c4200000, 0x00000000c4200000|100%| S|CS|TAMS 0x00000000c4100000, 0x00000000c4100000| Complete 
|  40|0x00000000c4200000, 0x00000000c4300000, 0x00000000c4300000|100%| S|CS|TAMS 0x00000000c4200000, 0x00000000c4200000| Complete 
|  41|0x00000000c4300000, 0x00000000c4400000, 0x00000000c4400000|100%| S|CS|TAMS 0x00000000c4300000, 0x00000000c4300000| Complete 
|  42|0x00000000c4400000, 0x00000000c4400000, 0x00000000c4500000|  0%| F|  |TAMS 0x00000000c4400000, 0x00000000c4400000| Untracked 
|  43|0x00000000c4500000, 0x00000000c4500000, 0x00000000c4600000|  0%| F|  |TAMS 0x00000000c4500000, 0x00000000c4500000| Untracked 
|  44|0x00000000c4600000, 0x00000000c4600000, 0x00000000c4700000|  0%| F|  |TAMS 0x00000000c4600000, 0x00000000c4600000| Untracked 
|  45|0x00000000c4700000, 0x00000000c4700000, 0x00000000c4800000|  0%| F|  |TAMS 0x00000000c4700000, 0x00000000c4700000| Untracked 
|  46|0x00000000c4800000, 0x00000000c4800000, 0x00000000c4900000|  0%| F|  |TAMS 0x00000000c4800000, 0x00000000c4800000| Untracked 
|  47|0x00000000c4900000, 0x00000000c4900000, 0x00000000c4a00000|  0%| F|  |TAMS 0x00000000c4900000, 0x00000000c4900000| Untracked 
|  48|0x00000000c4a00000, 0x00000000c4a00000, 0x00000000c4b00000|  0%| F|  |TAMS 0x00000000c4a00000, 0x00000000c4a00000| Untracked 
|  49|0x00000000c4b00000, 0x00000000c4b00000, 0x00000000c4c00000|  0%| F|  |TAMS 0x00000000c4b00000, 0x00000000c4b00000| Untracked 
|  50|0x00000000c4c00000, 0x00000000c4c00000, 0x00000000c4d00000|  0%| F|  |TAMS 0x00000000c4c00000, 0x00000000c4c00000| Untracked 
|  51|0x00000000c4d00000, 0x00000000c4d00000, 0x00000000c4e00000|  0%| F|  |TAMS 0x00000000c4d00000, 0x00000000c4d00000| Untracked 
|  52|0x00000000c4e00000, 0x00000000c4e00000, 0x00000000c4f00000|  0%| F|  |TAMS 0x00000000c4e00000, 0x00000000c4e00000| Untracked 
|  53|0x00000000c4f00000, 0x00000000c4f00000, 0x00000000c5000000|  0%| F|  |TAMS 0x00000000c4f00000, 0x00000000c4f00000| Untracked 
|  54|0x00000000c5000000, 0x00000000c5000000, 0x00000000c5100000|  0%| F|  |TAMS 0x00000000c5000000, 0x00000000c5000000| Untracked 
|  55|0x00000000c5100000, 0x00000000c5100000, 0x00000000c5200000|  0%| F|  |TAMS 0x00000000c5100000, 0x00000000c5100000| Untracked 
|  56|0x00000000c5200000, 0x00000000c5200000, 0x00000000c5300000|  0%| F|  |TAMS 0x00000000c5200000, 0x00000000c5200000| Untracked 
|  57|0x00000000c5300000, 0x00000000c5304010, 0x00000000c5400000|  1%| E|  |TAMS 0x00000000c5300000, 0x00000000c5300000| Complete 
|  58|0x00000000c5400000, 0x00000000c5500000, 0x00000000c5500000|100%| E|CS|TAMS 0x00000000c5400000, 0x00000000c5400000| Complete 
|  59|0x00000000c5500000, 0x00000000c5600000, 0x00000000c5600000|100%| E|CS|TAMS 0x00000000c5500000, 0x00000000c5500000| Complete 
|  60|0x00000000c5600000, 0x00000000c5700000, 0x00000000c5700000|100%| E|CS|TAMS 0x00000000c5600000, 0x00000000c5600000| Complete 
|  61|0x00000000c5700000, 0x00000000c5800000, 0x00000000c5800000|100%| E|CS|TAMS 0x00000000c5700000, 0x00000000c5700000| Complete 
|  62|0x00000000c5800000, 0x00000000c5900000, 0x00000000c5900000|100%| E|CS|TAMS 0x00000000c5800000, 0x00000000c5800000| Complete 
|  63|0x00000000c5900000, 0x00000000c5a00000, 0x00000000c5a00000|100%| E|CS|TAMS 0x00000000c5900000, 0x00000000c5900000| Complete 

Card table byte_map: [0x000001cf75340000,0x000001cf75540000] _byte_map_base: 0x000001cf74d33000

Marking Bits (Prev, Next): (CMBitMap*) 0x000001cf6d212240, (CMBitMap*) 0x000001cf6d212280
 Prev Bits: [0x000001cf75740000, 0x000001cf766d8000)
 Next Bits: [0x000001cf766e0000, 0x000001cf77678000)

Polling page: 0x000001cf6b110000

Metaspace:

Usage:
  Non-class:     16.03 MB used.
      Class:      2.06 MB used.
       Both:     18.09 MB used.

Virtual space:
  Non-class space:       64.00 MB reserved,      16.19 MB ( 25%) committed,  1 nodes.
      Class space:        1.00 GB reserved,       2.25 MB ( <1%) committed,  1 nodes.
             Both:        1.06 GB reserved,      18.44 MB (  2%) committed. 

Chunk freelists:
   Non-Class:  2.94 MB
       Class:  1.80 MB
        Both:  4.73 MB

MaxMetaspaceSize: unlimited
CompressedClassSpaceSize: 1.00 GB
Initial GC threshold: 21.00 MB
Current GC threshold: 21.00 MB
CDS: on
MetaspaceReclaimPolicy: balanced
 - commit_granule_bytes: 65536.
 - commit_granule_words: 8192.
 - virtual_space_node_default_size: 8388608.
 - enlarge_chunks_in_place: 1.
 - new_chunks_are_fully_committed: 0.
 - uncommit_free_chunks: 1.
 - use_allocation_guard: 0.


Internal statistics:

num_allocs_failed_limit: 0.
num_arena_births: 378.
num_arena_deaths: 0.
num_vsnodes_births: 2.
num_vsnodes_deaths: 0.
num_space_committed: 295.
num_space_uncommitted: 0.
num_chunks_returned_to_freelist: 0.
num_chunks_taken_from_freelist: 801.
num_chunk_merges: 0.
num_chunk_splits: 536.
num_chunks_enlarged: 394.
num_inconsistent_stats: 0.

CodeHeap 'non-profiled nmethods': size=120000Kb used=701Kb max_used=701Kb free=119298Kb
 bounds [0x000001cf07ad0000, 0x000001cf07d40000, 0x000001cf0f000000]
CodeHeap 'profiled nmethods': size=120000Kb used=4261Kb max_used=4261Kb free=115738Kb
 bounds [0x000001cf00000000, 0x000001cf00430000, 0x000001cf07530000]
CodeHeap 'non-nmethods': size=5760Kb used=1382Kb max_used=1398Kb free=4377Kb
 bounds [0x000001cf07530000, 0x000001cf077a0000, 0x000001cf07ad0000]
 total_blobs=2838 nmethods=2228 adapters=520
 compilation: enabled
              stopped_count=0, restarted_count=0
 full_count=0

Compilation events (20 events):
Event: 3.818 Thread 0x000001cf7eef8820 2133       4       java.util.regex.Pattern$BmpCharPropertyGreedy::match (89 bytes)
Event: 3.819 Thread 0x000001cf79b05c10 2139       1       sun.util.locale.BaseLocale::getScript (5 bytes)
Event: 3.820 Thread 0x000001cf79b05c10 nmethod 2139 0x000001cf07b7b210 code [0x000001cf07b7b3a0, 0x000001cf07b7b458]
Event: 3.820 Thread 0x000001cf79b05c10 2140       1       sun.util.locale.StringTokenIterator::current (5 bytes)
Event: 3.820 Thread 0x000001cf79b05c10 nmethod 2140 0x000001cf07b7b510 code [0x000001cf07b7b6a0, 0x000001cf07b7b758]
Event: 3.820 Thread 0x000001cf79b05c10 2141       3       sun.util.locale.LocaleUtils::isAlpha (30 bytes)
Event: 3.821 Thread 0x000001cf79b05c10 nmethod 2141 0x000001cf003ef590 code [0x000001cf003ef740, 0x000001cf003ef938]
Event: 3.821 Thread 0x000001cf79b05c10 2142       1       sun.util.locale.StringTokenIterator::currentEnd (5 bytes)
Event: 3.821 Thread 0x000001cf79b05c10 nmethod 2142 0x000001cf07b7b810 code [0x000001cf07b7b9a0, 0x000001cf07b7ba58]
Event: 3.821 Thread 0x000001cf79b05c10 2143       3       sun.util.locale.LocaleUtils::toLowerString (95 bytes)
Event: 3.823 Thread 0x000001cf79b05c10 nmethod 2143 0x000001cf003efa10 code [0x000001cf003efce0, 0x000001cf003f0e28]
Event: 3.824 Thread 0x000001cf79b05c10 2144       3       sun.util.locale.LocaleUtils::isLower (18 bytes)
Event: 3.824 Thread 0x000001cf79b05c10 nmethod 2144 0x000001cf003f1490 code [0x000001cf003f1620, 0x000001cf003f1798]
Event: 3.824 Thread 0x000001cf79b05c10 2145       1       sun.util.locale.BaseLocale$Key::hashCode (5 bytes)
Event: 3.824 Thread 0x000001cf79b05c10 nmethod 2145 0x000001cf07b7bb10 code [0x000001cf07b7bca0, 0x000001cf07b7bd58]
Event: 3.824 Thread 0x000001cf79b05c10 2146       3       sun.util.locale.BaseLocale::hashCode (67 bytes)
Event: 3.825 Thread 0x000001cf79b05c10 nmethod 2146 0x000001cf003f1810 code [0x000001cf003f19e0, 0x000001cf003f1cb8]
Event: 3.825 Thread 0x000001cf79b05c10 2147       3       sun.util.locale.ParseStatus::isError (13 bytes)
Event: 3.825 Thread 0x000001cf79b05c10 nmethod 2147 0x000001cf003f1e10 code [0x000001cf003f1fa0, 0x000001cf003f2118]
Event: 3.825 Thread 0x000001cf79b05c10 2148       3       java.lang.ref.SoftReference::<init> (14 bytes)

GC Heap History (6 events):
Event: 0.820 GC heap before
{Heap before GC invocations=0 (full 0):
 garbage-first heap   total 65536K, used 18432K [0x00000000c1a00000, 0x0000000100000000)
  region size 1024K, 13 young (13312K), 0 survivors (0K)
 Metaspace       used 5015K, committed 5248K, reserved 1114112K
  class space    used 511K, committed 640K, reserved 1048576K
}
Event: 0.826 GC heap after
{Heap after GC invocations=1 (full 0):
 garbage-first heap   total 65536K, used 10605K [0x00000000c1a00000, 0x0000000100000000)
  region size 1024K, 2 young (2048K), 2 survivors (2048K)
 Metaspace       used 5015K, committed 5248K, reserved 1114112K
  class space    used 511K, committed 640K, reserved 1048576K
}
Event: 1.381 GC heap before
{Heap before GC invocations=1 (full 0):
 garbage-first heap   total 65536K, used 21869K [0x00000000c1a00000, 0x0000000100000000)
  region size 1024K, 14 young (14336K), 2 survivors (2048K)
 Metaspace       used 8463K, committed 8768K, reserved 1114112K
  class space    used 943K, committed 1088K, reserved 1048576K
}
Event: 1.387 GC heap after
{Heap after GC invocations=2 (full 0):
 garbage-first heap   total 65536K, used 12043K [0x00000000c1a00000, 0x0000000100000000)
  region size 1024K, 2 young (2048K), 2 survivors (2048K)
 Metaspace       used 8463K, committed 8768K, reserved 1114112K
  class space    used 943K, committed 1088K, reserved 1048576K
}
Event: 3.519 GC heap before
{Heap before GC invocations=2 (full 0):
 garbage-first heap   total 65536K, used 31499K [0x00000000c1a00000, 0x0000000100000000)
  region size 1024K, 22 young (22528K), 2 survivors (2048K)
 Metaspace       used 16945K, committed 17216K, reserved 1114112K
  class space    used 1927K, committed 2048K, reserved 1048576K
}
Event: 3.525 GC heap after
{Heap after GC invocations=3 (full 0):
 garbage-first heap   total 65536K, used 14469K [0x00000000c1a00000, 0x0000000100000000)
  region size 1024K, 3 young (3072K), 3 survivors (3072K)
 Metaspace       used 16945K, committed 17216K, reserved 1114112K
  class space    used 1927K, committed 2048K, reserved 1048576K
}

Dll operation events (11 events):
Event: 0.018 Loaded shared library C:\Program Files\Java\jdk-19\bin\java.dll
Event: 0.047 Loaded shared library C:\Program Files\Java\jdk-19\bin\jsvml.dll
Event: 0.184 Loaded shared library C:\Program Files\Java\jdk-19\bin\net.dll
Event: 0.187 Loaded shared library C:\Program Files\Java\jdk-19\bin\nio.dll
Event: 0.198 Loaded shared library C:\Program Files\Java\jdk-19\bin\zip.dll
Event: 0.336 Loaded shared library C:\Program Files\Java\jdk-19\bin\jimage.dll
Event: 0.614 Loaded shared library C:\Program Files\Java\jdk-19\bin\extnet.dll
Event: 2.973 Loaded shared library C:\Program Files\Java\jdk-19\bin\management.dll
Event: 2.979 Loaded shared library C:\Program Files\Java\jdk-19\bin\management_ext.dll
Event: 3.085 Loaded shared library C:\Program Files\Java\jdk-19\bin\sunmscapi.dll
Event: 3.588 Loaded shared library C:\Program Files\Java\jdk-19\bin\verify.dll

Deoptimization events (20 events):
Event: 3.594 Thread 0x000001cf6d1ce590 Uncommon trap: trap_request=0xffffff45 fr.pc=0x000001cf07b52e14 relative=0x0000000000000654
Event: 3.594 Thread 0x000001cf6d1ce590 Uncommon trap: reason=unstable_if action=reinterpret pc=0x000001cf07b52e14 method=java.lang.String.replace(CC)Ljava/lang/String; @ 2 c2
Event: 3.594 Thread 0x000001cf6d1ce590 DEOPT PACKING pc=0x000001cf07b52e14 sp=0x000000ca39bfdb20
Event: 3.594 Thread 0x000001cf6d1ce590 DEOPT UNPACKING pc=0x000001cf07596da3 sp=0x000000ca39bfdad0 mode 2
Event: 3.684 Thread 0x000001cf6d1ce590 Uncommon trap: trap_request=0xffffffde fr.pc=0x000001cf07b3d050 relative=0x0000000000000db0
Event: 3.684 Thread 0x000001cf6d1ce590 Uncommon trap: reason=class_check action=maybe_recompile pc=0x000001cf07b3d050 method=java.util.concurrent.ConcurrentHashMap.putVal(Ljava/lang/Object;Ljava/lang/Object;Z)Ljava/lang/Object; @ 242 c2
Event: 3.684 Thread 0x000001cf6d1ce590 DEOPT PACKING pc=0x000001cf07b3d050 sp=0x000000ca39bfde40
Event: 3.684 Thread 0x000001cf6d1ce590 DEOPT UNPACKING pc=0x000001cf07596da3 sp=0x000000ca39bfddb0 mode 2
Event: 3.715 Thread 0x000001cf6d1ce590 Uncommon trap: trap_request=0xffffffde fr.pc=0x000001cf07b3d050 relative=0x0000000000000db0
Event: 3.715 Thread 0x000001cf6d1ce590 Uncommon trap: reason=class_check action=maybe_recompile pc=0x000001cf07b3d050 method=java.util.concurrent.ConcurrentHashMap.putVal(Ljava/lang/Object;Ljava/lang/Object;Z)Ljava/lang/Object; @ 242 c2
Event: 3.715 Thread 0x000001cf6d1ce590 DEOPT PACKING pc=0x000001cf07b3d050 sp=0x000000ca39bfd9a0
Event: 3.715 Thread 0x000001cf6d1ce590 DEOPT UNPACKING pc=0x000001cf07596da3 sp=0x000000ca39bfd910 mode 2
Event: 3.724 Thread 0x000001cf6d1ce590 Uncommon trap: trap_request=0xffffffde fr.pc=0x000001cf07b3d050 relative=0x0000000000000db0
Event: 3.724 Thread 0x000001cf6d1ce590 Uncommon trap: reason=class_check action=maybe_recompile pc=0x000001cf07b3d050 method=java.util.concurrent.ConcurrentHashMap.putVal(Ljava/lang/Object;Ljava/lang/Object;Z)Ljava/lang/Object; @ 242 c2
Event: 3.724 Thread 0x000001cf6d1ce590 DEOPT PACKING pc=0x000001cf07b3d050 sp=0x000000ca39bfdb90
Event: 3.724 Thread 0x000001cf6d1ce590 DEOPT UNPACKING pc=0x000001cf07596da3 sp=0x000000ca39bfdb00 mode 2
Event: 3.732 Thread 0x000001cf6d1ce590 Uncommon trap: trap_request=0xffffffde fr.pc=0x000001cf07b3d050 relative=0x0000000000000db0
Event: 3.732 Thread 0x000001cf6d1ce590 Uncommon trap: reason=class_check action=maybe_recompile pc=0x000001cf07b3d050 method=java.util.concurrent.ConcurrentHashMap.putVal(Ljava/lang/Object;Ljava/lang/Object;Z)Ljava/lang/Object; @ 242 c2
Event: 3.732 Thread 0x000001cf6d1ce590 DEOPT PACKING pc=0x000001cf07b3d050 sp=0x000000ca39bfdbb0
Event: 3.732 Thread 0x000001cf6d1ce590 DEOPT UNPACKING pc=0x000001cf07596da3 sp=0x000000ca39bfdb20 mode 2

Classes loaded (20 events):
Event: 3.676 Loading class sun/net/www/http/HttpCapture$1
Event: 3.676 Loading class sun/net/www/http/HttpCapture$1 done
Event: 3.677 Loading class sun/net/util/SocketExceptions
Event: 3.677 Loading class sun/net/util/SocketExceptions done
Event: 3.678 Loading class java/lang/Throwable$WrappedPrintWriter
Event: 3.678 Loading class java/lang/Throwable$PrintStreamOrWriter
Event: 3.678 Loading class java/lang/Throwable$PrintStreamOrWriter done
Event: 3.678 Loading class java/lang/Throwable$WrappedPrintWriter done
Event: 3.679 Loading class java/lang/StackTraceElement$HashedModules
Event: 3.679 Loading class java/lang/StackTraceElement$HashedModules done
Event: 3.686 Loading class jdk/internal/reflect/MethodHandleLongFieldAccessorImpl
Event: 3.686 Loading class jdk/internal/reflect/MethodHandleLongFieldAccessorImpl done
Event: 3.744 Loading class java/util/concurrent/ConcurrentLinkedQueue$Itr
Event: 3.746 Loading class java/util/concurrent/ConcurrentLinkedQueue$Itr done
Event: 3.759 Loading class java/util/concurrent/ConcurrentHashMap$KeySpliterator
Event: 3.759 Loading class java/util/concurrent/ConcurrentHashMap$KeySpliterator done
Event: 3.769 Loading class java/io/FileWriter
Event: 3.769 Loading class java/io/FileWriter done
Event: 3.769 Loading class java/io/FileReader
Event: 3.769 Loading class java/io/FileReader done

Classes unloaded (0 events):
No events

Classes redefined (0 events):
No events

Internal exceptions (20 events):
Event: 2.761 Thread 0x000001cf6d1ce590 Exception <a 'java/lang/NoSuchMethodError'{0x00000000c5757700}: 'double java.lang.invoke.DirectMethodHandle$Holder.invokeVirtual(java.lang.Object, java.lang.Object)'> (0x00000000c5757700) 
thrown [s\open\src\hotspot\share\interpreter\linkResolver.cpp, line 774]
Event: 2.762 Thread 0x000001cf6d1ce590 Exception <a 'java/lang/NoSuchMethodError'{0x00000000c575df90}: 'float java.lang.invoke.DirectMethodHandle$Holder.invokeVirtual(java.lang.Object, java.lang.Object)'> (0x00000000c575df90) 
thrown [s\open\src\hotspot\share\interpreter\linkResolver.cpp, line 774]
Event: 2.764 Thread 0x000001cf6d1ce590 Exception <a 'java/lang/NoSuchMethodError'{0x00000000c5767038}: 'long java.lang.invoke.DirectMethodHandle$Holder.invokeVirtual(java.lang.Object, java.lang.Object)'> (0x00000000c5767038) 
thrown [s\open\src\hotspot\share\interpreter\linkResolver.cpp, line 774]
Event: 2.772 Thread 0x000001cf6d1ce590 Exception <a 'java/lang/NoSuchMethodError'{0x00000000c57989c0}: 'java.lang.Object java.lang.invoke.DirectMethodHandle$Holder.invokeVirtual(java.lang.Object, java.lang.Object, java.lang.Object)'> (0x00000000c57989c0) 
thrown [s\open\src\hotspot\share\interpreter\linkResolver.cpp, line 774]
Event: 2.805 Thread 0x000001cf6d1ce590 Exception <a 'java/lang/NoSuchMethodError'{0x00000000c56491e8}: 'void java.lang.invoke.DirectMethodHandle$Holder.invokeVirtual(java.lang.Object, java.lang.Object, long)'> (0x00000000c56491e8) 
thrown [s\open\src\hotspot\share\interpreter\linkResolver.cpp, line 774]
Event: 2.806 Thread 0x000001cf6d1ce590 Exception <a 'java/lang/NoSuchMethodError'{0x00000000c564d600}: 'long java.lang.invoke.DirectMethodHandle$Holder.invokeStatic(java.lang.Object, java.lang.Object, int)'> (0x00000000c564d600) 
thrown [s\open\src\hotspot\share\interpreter\linkResolver.cpp, line 774]
Event: 2.808 Thread 0x000001cf6d1ce590 Exception <a 'java/lang/NoSuchMethodError'{0x00000000c565f510}: 'java.lang.Object java.lang.invoke.DirectMethodHandle$Holder.invokeStatic(java.lang.Object, java.lang.Object, java.lang.Object, java.lang.Object, int)'> (0x00000000c565f510) 
thrown [s\open\src\hotspot\share\interpreter\linkResolver.cpp, line 774]
Event: 2.809 Thread 0x000001cf6d1ce590 Exception <a 'java/lang/NoSuchMethodError'{0x00000000c566a500}: 'void java.lang.invoke.DelegatingMethodHandle$Holder.reinvoke_L(java.lang.Object, java.lang.Object, long)'> (0x00000000c566a500) 
thrown [s\open\src\hotspot\share\interpreter\linkResolver.cpp, line 774]
Event: 2.812 Thread 0x000001cf6d1ce590 Exception <a 'java/lang/NoSuchMethodError'{0x00000000c567c330}: 'int java.lang.invoke.DirectMethodHandle$Holder.invokeSpecial(java.lang.Object, java.lang.Object, java.lang.Object, int)'> (0x00000000c567c330) 
thrown [s\open\src\hotspot\share\interpreter\linkResolver.cpp, line 774]
Event: 3.141 Thread 0x000001cf6d1ce590 Exception <a 'sun/nio/fs/WindowsException'{0x00000000c4e05350}> (0x00000000c4e05350) 
thrown [s\open\src\hotspot\share\prims\jni.cpp, line 517]
Event: 3.578 Thread 0x000001cf6d1ce590 Exception <a 'java/lang/NoSuchMethodError'{0x00000000c58e1148}: 'java.lang.Object java.lang.invoke.DirectMethodHandle$Holder.invokeInterface(java.lang.Object, java.lang.Object, java.lang.Object)'> (0x00000000c58e1148) 
thrown [s\open\src\hotspot\share\interpreter\linkResolver.cpp, line 774]
Event: 3.579 Thread 0x000001cf6d1ce590 Exception <a 'java/lang/IncompatibleClassChangeError'{0x00000000c58e4818}: Found class java.lang.Object, but interface was expected> (0x00000000c58e4818) 
thrown [s\open\src\hotspot\share\interpreter\linkResolver.cpp, line 841]
Event: 3.580 Thread 0x000001cf6d1ce590 Exception <a 'java/lang/NoSuchMethodError'{0x00000000c58ed240}: 'int java.lang.invoke.DirectMethodHandle$Holder.invokeSpecialIFC(java.lang.Object, java.lang.Object, java.lang.Object, java.lang.Object)'> (0x00000000c58ed240) 
thrown [s\open\src\hotspot\share\interpreter\linkResolver.cpp, line 774]
Event: 3.661 Thread 0x000001cf6d1ce590 Exception <a 'java/lang/OutOfMemoryError'{0x00000000c5779510}: unable to create native thread: possibly out of memory or process/resource limits reached> (0x00000000c5779510) 
thrown [s\open\src\hotspot\share\prims\jvm.cpp, line 2974]
Event: 3.677 Thread 0x000001cf79b1fae0 Exception <a 'java/net/ConnectException'{0x00000000c5623e58}: Connection refused: no further information> (0x00000000c5623e58) 
thrown [s\open\src\hotspot\share\prims\jni.cpp, line 536]
Event: 3.686 Thread 0x000001cf6d1ce590 Exception <a 'java/lang/NoSuchMethodError'{0x00000000c564f818}: 'long java.lang.invoke.DelegatingMethodHandle$Holder.reinvoke_L(java.lang.Object, java.lang.Object)'> (0x00000000c564f818) 
thrown [s\open\src\hotspot\share\interpreter\linkResolver.cpp, line 774]
Event: 3.687 Thread 0x000001cf6d1ce590 Exception <a 'java/lang/NoSuchMethodError'{0x00000000c56565e0}: 'long java.lang.invoke.Invokers$Holder.invokeExact_MT(java.lang.Object, java.lang.Object, java.lang.Object)'> (0x00000000c56565e0) 
thrown [s\open\src\hotspot\share\interpreter\linkResolver.cpp, line 774]
Event: 3.702 Thread 0x000001cf79b1fae0 Exception <a 'java/net/ConnectException'{0x00000000c5624ec8}: Connection refused: no further information> (0x00000000c5624ec8) 
thrown [s\open\src\hotspot\share\prims\jni.cpp, line 536]
Event: 3.731 Thread 0x000001cf79b1fae0 Exception <a 'java/net/ConnectException'{0x00000000c5625e68}: Connection refused: no further information> (0x00000000c5625e68) 
thrown [s\open\src\hotspot\share\prims\jni.cpp, line 536]
Event: 3.806 Thread 0x000001cf79b1fae0 Exception <a 'java/net/ConnectException'{0x00000000c5626e08}: Connection refused: no further information> (0x00000000c5626e08) 
thrown [s\open\src\hotspot\share\prims\jni.cpp, line 536]

VM Operations (20 events):
Event: 1.323 Executing VM operation: HandshakeAllThreads
Event: 1.323 Executing VM operation: HandshakeAllThreads done
Event: 1.381 Executing VM operation: G1CollectForAllocation
Event: 1.387 Executing VM operation: G1CollectForAllocation done
Event: 1.468 Executing VM operation: HandshakeAllThreads
Event: 1.468 Executing VM operation: HandshakeAllThreads done
Event: 2.476 Executing VM operation: Cleanup
Event: 2.476 Executing VM operation: Cleanup done
Event: 2.909 Executing VM operation: HandshakeAllThreads
Event: 2.909 Executing VM operation: HandshakeAllThreads done
Event: 2.925 Executing VM operation: HandshakeAllThreads
Event: 2.925 Executing VM operation: HandshakeAllThreads done
Event: 2.935 Executing VM operation: HandshakeAllThreads
Event: 2.935 Executing VM operation: HandshakeAllThreads done
Event: 2.935 Executing VM operation: HandshakeAllThreads
Event: 2.935 Executing VM operation: HandshakeAllThreads done
Event: 3.100 Executing VM operation: HandshakeAllThreads
Event: 3.100 Executing VM operation: HandshakeAllThreads done
Event: 3.519 Executing VM operation: G1CollectForAllocation
Event: 3.525 Executing VM operation: G1CollectForAllocation done

Events (20 events):
Event: 0.071 Thread 0x000001cf79af3fa0 Thread added: 0x000001cf79af3fa0
Event: 0.071 Thread 0x000001cf79afe3d0 Thread added: 0x000001cf79afe3d0
Event: 0.072 Thread 0x000001cf79b05c10 Thread added: 0x000001cf79b05c10
Event: 0.072 Thread 0x000001cf79b1f040 Thread added: 0x000001cf79b1f040
Event: 0.171 Thread 0x000001cf79b22010 Thread added: 0x000001cf79b22010
Event: 0.178 Thread 0x000001cf79b21ac0 Thread added: 0x000001cf79b21ac0
Event: 0.628 Thread 0x000001cf79b20030 Thread added: 0x000001cf79b20030
Event: 2.879 Thread 0x000001cf79b20580 Thread added: 0x000001cf79b20580
Event: 3.007 Thread 0x000001cf79b20ad0 Thread added: 0x000001cf79b20ad0
Event: 3.110 Thread 0x000001cf7ed2e520 Thread added: 0x000001cf7ed2e520
Event: 3.514 Thread 0x000001cf7ed2e520 Thread exited: 0x000001cf7ed2e520
Event: 3.595 Thread 0x000001cf79b21020 Thread added: 0x000001cf79b21020
Event: 3.606 Thread 0x000001cf79b21570 Thread added: 0x000001cf79b21570
Event: 3.606 Thread 0x000001cf79b1f590 Thread added: 0x000001cf79b1f590
Event: 3.657 Thread 0x000001cf79b1eaf0 Thread added: 0x000001cf79b1eaf0
Event: 3.661 Thread 0x000001cf79b1f590 Thread exited: 0x000001cf79b1f590
Event: 3.661 Thread 0x000001cf79b21570 Thread exited: 0x000001cf79b21570
Event: 3.661 Thread 0x000001cf79b21020 Thread exited: 0x000001cf79b21020
Event: 3.662 Thread 0x000001cf79b1fae0 Thread added: 0x000001cf79b1fae0
Event: 3.756 Thread 0x000001cf7eef8820 Thread added: 0x000001cf7eef8820


Dynamic libraries:
0x00007ff6b35d0000 - 0x00007ff6b35e0000 	C:\Program Files\Java\jdk-19\bin\javaw.exe
0x00007ffa71d50000 - 0x00007ffa71f48000 	C:\Windows\SYSTEM32\ntdll.dll
0x00007ffa704a0000 - 0x00007ffa7055f000 	C:\Windows\System32\KERNEL32.DLL
0x00007ffa6f430000 - 0x00007ffa6f726000 	C:\Windows\System32\KERNELBASE.dll
0x00007ffa6f730000 - 0x00007ffa6f830000 	C:\Windows\System32\ucrtbase.dll
0x00007ffa5f670000 - 0x00007ffa5f688000 	C:\Program Files\Java\jdk-19\bin\jli.dll
0x00007ffa71730000 - 0x00007ffa717df000 	C:\Windows\System32\ADVAPI32.dll
0x00007ffa71c70000 - 0x00007ffa71d0e000 	C:\Windows\System32\msvcrt.dll
0x00007ffa70560000 - 0x00007ffa705fc000 	C:\Windows\System32\sechost.dll
0x00007ffa70960000 - 0x00007ffa70a86000 	C:\Windows\System32\RPCRT4.dll
0x00007ffa71910000 - 0x00007ffa71aad000 	C:\Windows\System32\USER32.dll
0x00007ffa6fb00000 - 0x00007ffa6fb22000 	C:\Windows\System32\win32u.dll
0x00007ffa701a0000 - 0x00007ffa701cc000 	C:\Windows\System32\GDI32.dll
0x00007ffa6fc90000 - 0x00007ffa6fda5000 	C:\Windows\System32\gdi32full.dll
0x00007ffa6f830000 - 0x00007ffa6f8cd000 	C:\Windows\System32\msvcp_win.dll
0x00007ffa69c20000 - 0x00007ffa69c3b000 	C:\Program Files\Java\jdk-19\bin\VCRUNTIME140.dll
0x00007ffa621f0000 - 0x00007ffa6248a000 	C:\Windows\WinSxS\amd64_microsoft.windows.common-controls_6595b64144ccf1df_6.0.19041.1110_none_60b5254171f9507e\COMCTL32.dll
0x00007ffa656b0000 - 0x00007ffa656ba000 	C:\Windows\SYSTEM32\VERSION.dll
0x00007ffa70260000 - 0x00007ffa70290000 	C:\Windows\System32\IMM32.DLL
0x00007ffa65910000 - 0x00007ffa6591c000 	C:\Program Files\Java\jdk-19\bin\vcruntime140_1.dll
0x00007ffa59a80000 - 0x00007ffa59b0e000 	C:\Program Files\Java\jdk-19\bin\msvcp140.dll
0x00007ffa3c920000 - 0x00007ffa3d5e0000 	C:\Program Files\Java\jdk-19\bin\server\jvm.dll
0x00007ffa600a0000 - 0x00007ffa600a9000 	C:\Windows\SYSTEM32\WSOCK32.dll
0x00007ffa70430000 - 0x00007ffa7049b000 	C:\Windows\System32\WS2_32.dll
0x00007ffa63660000 - 0x00007ffa63687000 	C:\Windows\SYSTEM32\WINMM.dll
0x00007ffa6d200000 - 0x00007ffa6d212000 	C:\Windows\SYSTEM32\kernel.appcore.dll
0x00007ffa5e960000 - 0x00007ffa5e96a000 	C:\Program Files\Java\jdk-19\bin\jimage.dll
0x00007ffa680f0000 - 0x00007ffa682d4000 	C:\Windows\SYSTEM32\DBGHELP.DLL
0x00007ffa67c60000 - 0x00007ffa67c94000 	C:\Windows\SYSTEM32\dbgcore.DLL
0x00007ffa6f9b0000 - 0x00007ffa6fa32000 	C:\Windows\System32\bcryptPrimitives.dll
0x00007ffa5b110000 - 0x00007ffa5b136000 	C:\Program Files\Java\jdk-19\bin\java.dll
0x00007ffa581f0000 - 0x00007ffa582c7000 	C:\Program Files\Java\jdk-19\bin\jsvml.dll
0x00007ffa70a90000 - 0x00007ffa711d4000 	C:\Windows\System32\SHELL32.dll
0x00007ffa6d4e0000 - 0x00007ffa6dc74000 	C:\Windows\SYSTEM32\windows.storage.dll
0x00007ffa70600000 - 0x00007ffa70954000 	C:\Windows\System32\combase.dll
0x00007ffa6ee70000 - 0x00007ffa6ee9e000 	C:\Windows\SYSTEM32\Wldp.dll
0x00007ffa70310000 - 0x00007ffa703bd000 	C:\Windows\System32\SHCORE.dll
0x00007ffa6fe90000 - 0x00007ffa6fee5000 	C:\Windows\System32\shlwapi.dll
0x00007ffa6f360000 - 0x00007ffa6f385000 	C:\Windows\SYSTEM32\profapi.dll
0x00007ffa5b390000 - 0x00007ffa5b3a3000 	C:\Program Files\Java\jdk-19\bin\net.dll
0x00007ffa666c0000 - 0x00007ffa667ca000 	C:\Windows\SYSTEM32\WINHTTP.dll
0x00007ffa6ebd0000 - 0x00007ffa6ec3a000 	C:\Windows\system32\mswsock.dll
0x00007ffa5b0f0000 - 0x00007ffa5b106000 	C:\Program Files\Java\jdk-19\bin\nio.dll
0x00007ffa5b0d0000 - 0x00007ffa5b0e8000 	C:\Program Files\Java\jdk-19\bin\zip.dll
0x00007ffa6e8c0000 - 0x00007ffa6e98a000 	C:\Windows\SYSTEM32\DNSAPI.dll
0x00007ffa6e870000 - 0x00007ffa6e8ac000 	C:\Windows\SYSTEM32\IPHLPAPI.DLL
0x00007ffa71720000 - 0x00007ffa71728000 	C:\Windows\System32\NSI.dll
0x00007ffa67930000 - 0x00007ffa6793a000 	C:\Windows\System32\rasadhlp.dll
0x00007ffa65590000 - 0x00007ffa65612000 	C:\Windows\System32\fwpuclnt.dll
0x00007ffa6f980000 - 0x00007ffa6f9a7000 	C:\Windows\System32\bcrypt.dll
0x00007ffa5ad70000 - 0x00007ffa5ad78000 	C:\Program Files\Java\jdk-19\bin\extnet.dll
0x00007ffa6edc0000 - 0x00007ffa6edd8000 	C:\Windows\SYSTEM32\CRYPTSP.dll
0x00007ffa6e480000 - 0x00007ffa6e4b4000 	C:\Windows\system32\rsaenh.dll
0x00007ffa6f2e0000 - 0x00007ffa6f30e000 	C:\Windows\SYSTEM32\USERENV.dll
0x00007ffa6ede0000 - 0x00007ffa6edec000 	C:\Windows\SYSTEM32\CRYPTBASE.dll
0x00007ffa67610000 - 0x00007ffa67627000 	C:\Windows\SYSTEM32\dhcpcsvc6.DLL
0x00007ffa67e40000 - 0x00007ffa67e5d000 	C:\Windows\SYSTEM32\dhcpcsvc.DLL
0x00007ffa6cc10000 - 0x00007ffa6cca1000 	C:\Windows\system32\apphelp.dll
0x00007ffa65700000 - 0x00007ffa6570a000 	C:\Program Files\Java\jdk-19\bin\management.dll
0x00007ffa641f0000 - 0x00007ffa641fb000 	C:\Program Files\Java\jdk-19\bin\management_ext.dll
0x00007ffa71ab0000 - 0x00007ffa71ab8000 	C:\Windows\System32\PSAPI.DLL
0x00007ffa5db60000 - 0x00007ffa5db6e000 	C:\Program Files\Java\jdk-19\bin\sunmscapi.dll
0x00007ffa6fb30000 - 0x00007ffa6fc8e000 	C:\Windows\System32\CRYPT32.dll
0x00007ffa6eee0000 - 0x00007ffa6ef08000 	C:\Windows\SYSTEM32\ncrypt.dll
0x00007ffa6eea0000 - 0x00007ffa6eedb000 	C:\Windows\SYSTEM32\NTASN1.dll
0x00007ffa62c00000 - 0x00007ffa62c07000 	C:\Windows\system32\wshunix.dll
0x00007ffa5de10000 - 0x00007ffa5de20000 	C:\Program Files\Java\jdk-19\bin\verify.dll
0x00007ffa56830000 - 0x00007ffa56847000 	C:\Windows\system32\napinsp.dll
0x00007ffa4f7a0000 - 0x00007ffa4f7bb000 	C:\Windows\system32\pnrpnsp.dll
0x00007ffa69900000 - 0x00007ffa69915000 	C:\Windows\system32\wshbth.dll
0x00007ffa68e70000 - 0x00007ffa68e8d000 	C:\Windows\system32\NLAapi.dll
0x00007ffa4e9a0000 - 0x00007ffa4e9b2000 	C:\Windows\System32\winrnr.dll

dbghelp: loaded successfully - version: 4.0.5 - missing functions: none
symbol engine: initialized successfully - sym options: 0x614 - pdb path: .;C:\Program Files\Java\jdk-19\bin;C:\Windows\SYSTEM32;C:\Windows\WinSxS\amd64_microsoft.windows.common-controls_6595b64144ccf1df_6.0.19041.1110_none_60b5254171f9507e;C:\Program Files\Java\jdk-19\bin\server

VM Arguments:
jvm_args: -ea -Dfile.encoding=UTF-8 -XX:+ShowCodeDetailsInExceptionMessages 
java_command: org.testng.remote.RemoteTestNG -serport 64596 -protocol json -d C:\Users\MY PC\eclipse-workspace\actitime\test-output C:\Users\MYPC~1\AppData\Local\Temp\testng-eclipse--1657031068\testng-customsuite.xml
java_class_path (initial): C:\Users\MY PC\eclipse\java-2023-032\eclipse\configuration\org.eclipse.osgi\444\0\.cp\lib\testng-remote.jar;C:\Users\MY PC\.p2\pool\plugins\org.testng_7.8.0.r202306071539.jar;C:\Users\MY PC\.p2\pool\plugins\com.beust.jcommander_1.82.0.jar;C:\Users\MY PC\.p2\pool\plugins\org.apache-extras.beanshell.bsh_2.0.0.b6.jar;C:\Users\MY PC\.p2\pool\plugins\org.yaml.snakeyaml_1.27.0.v20221112-0806.jar;C:\Users\MY PC\.p2\pool\plugins\org.webjars.jquery_3.6.1.jar;C:\Users\MY PC\eclipse-workspace\actitime\bin;C:\Users\MY PC\eclipse-workspace\actitime\jar\batik-anim-1.14.jar;C:\Users\MY PC\eclipse-workspace\actitime\jar\batik-awt-util-1.14.jar;C:\Users\MY PC\eclipse-workspace\actitime\jar\batik-bridge-1.14.jar;C:\Users\MY PC\eclipse-workspace\actitime\jar\batik-codec-1.14.jar;C:\Users\MY PC\eclipse-workspace\actitime\jar\batik-constants-1.14.jar;C:\Users\MY PC\eclipse-workspace\actitime\jar\batik-css-1.14.jar;C:\Users\MY PC\eclipse-workspace\actitime\jar\batik-dom-1.14.jar;C:\Users\MY PC\eclipse-workspace\actitime\jar\batik-ext-1.14.jar;C:\Users\MY PC\eclipse-workspace\actitime\jar\batik-gvt-1.14.jar;C:\Users\MY PC\eclipse-workspace\actitime\jar\batik-i18n-1.14.jar;C:\Users\MY PC\eclipse-workspace\actitime\jar\batik-parser-1.14.jar;C:\Users\MY PC\eclipse-workspace\actitime\jar\batik-script-1.14.jar;C:\Users\MY PC\eclipse-workspace\actitime\jar\batik-shared-resources-1.14.jar;C:\Users\MY PC\eclipse-workspace\actitime\jar\batik-svg-dom-1.14.jar;C:\Users\MY PC\eclipse-workspace\actitime\jar\batik-svggen-1.14.jar;C:\Users\MY PC\eclipse-workspace\actitime\jar\batik-svgrasterizer-1.14.jar;C:\Users\MY PC\eclipse-workspace\actitime\jar\batik-transcoder-1.14.jar;C:\Users\MY PC\eclipse-workspace\actitime\jar\batik-util-1.14.jar;C:\Users\MY PC\eclipse-workspace\actitime\jar\batik-xml-1.14.jar;C:\Users\MY PC\eclipse-workspace\actitime\jar\bcpkix-jdk15on-1.70.jar;C:\Users\MY PC\eclipse-workspace\actitime\jar\bcprov-jdk15on-1.70.jar;C:\Users\MY PC\eclipse-workspace\actitime\jar\bcutil-jdk15on-1.70.jar;C:\Users\MY PC\eclipse-workspace\actitime\jar\commons-codec-1.15.jar;C:\Users\MY PC\eclipse-workspace\actitime\jar\commons-collections4-4.4.jar;C:\Users\MY PC\eclipse-workspace\actitime\jar\commons-io-2.11.0.jar;C:\Users\MY PC\eclipse-workspace\actitime\jar\commons-math3-3.6.1.jar;C:\Users\MY PC\eclipse-workspace\actitime\jar\fontbox-2.0.26.jar;C:\Users\MY PC\eclipse-workspace\actitime\jar\graphics2d-0.40.jar;C:\Users\MY PC\eclipse-workspace\actitime\jar\log4j-api-2.18.0.jar;C:\Users\MY PC\eclipse-workspace\actitime\jar\pdfbox-2.0.26.jar;C:\Users\MY PC\eclipse-workspace\actitime\jar\poi-5.2.3.jar;C:\Users\MY PC\eclipse-workspace\actitime\jar\poi-examples-5.2.3.jar;C:\Users\MY PC\eclipse-workspace\actitime\jar\poi-excelant-5.2.3.jar;C:\Users\MY PC\eclipse-workspace\actitime\jar\poi-javadoc-5.2.3.jar;C:\Users\MY PC\eclipse-workspace\actitime\jar\poi-ooxml-5.2.3.jar;C:\Users\MY PC\eclipse-workspace\actitime\jar\poi-ooxml-full-5.2.3.jar;C:\Users\MY PC\eclipse-workspace\actitime\jar\poi-ooxml-lite-5.2.3.jar;C:\Users\MY PC\eclipse-workspace\actitime\jar\poi-scratchpad-5.2.3.jar;C:\Users\MY PC\eclipse-workspace\actitime\jar\selenium-server-4.10.0 (3).jar;C:\Users\MY PC\eclipse-workspace\actitime\jar\SparseBitSet-1.2.jar;C:\Users\MY PC\eclipse-workspace\actitime\jar\xml-apis-1.4.01.jar;C:\Users\MY PC\eclipse-workspace\actitime\jar\xml-apis-ext-1.3.04.jar;C:\Users\MY PC\eclipse-workspace\actitime\jar\xmlgraphics-commons-2.6.jar;C:\Users\MY PC\eclipse-workspace\actitime\jar\xmlsec-3.0.0.jar
Launcher Type: SUN_STANDARD

[Global flags]
     intx CICompilerCount                          = 3                                         {product} {ergonomic}
     uint ConcGCThreads                            = 1                                         {product} {ergonomic}
     uint G1ConcRefinementThreads                  = 4                                         {product} {ergonomic}
   size_t G1HeapRegionSize                         = 1048576                                   {product} {ergonomic}
    uintx GCDrainStackTargetSize                   = 64                                        {product} {ergonomic}
   size_t InitialHeapSize                          = 67108864                                  {product} {ergonomic}
   size_t MarkStackSize                            = 4194304                                   {product} {ergonomic}
   size_t MaxHeapSize                              = 1046478848                                {product} {ergonomic}
   size_t MaxNewSize                               = 627048448                                 {product} {ergonomic}
   size_t MinHeapDeltaBytes                        = 1048576                                   {product} {ergonomic}
   size_t MinHeapSize                              = 8388608                                   {product} {ergonomic}
    uintx NonNMethodCodeHeapSize                   = 5832780                                {pd product} {ergonomic}
    uintx NonProfiledCodeHeapSize                  = 122912730                              {pd product} {ergonomic}
    uintx ProfiledCodeHeapSize                     = 122912730                              {pd product} {ergonomic}
    uintx ReservedCodeCacheSize                    = 251658240                              {pd product} {ergonomic}
     bool SegmentedCodeCache                       = true                                      {product} {ergonomic}
     bool ShowCodeDetailsInExceptionMessages       = true                                   {manageable} {command line}
   size_t SoftMaxHeapSize                          = 1046478848                             {manageable} {ergonomic}
     bool UseCompressedClassPointers               = true                           {product lp64_product} {ergonomic}
     bool UseCompressedOops                        = true                           {product lp64_product} {ergonomic}
     bool UseG1GC                                  = true                                      {product} {ergonomic}
     bool UseLargePagesIndividualAllocation        = false                                  {pd product} {ergonomic}

Logging:
Log output configuration:
 #0: stdout all=warning uptime,level,tags foldmultilines=false
 #1: stderr all=off uptime,level,tags foldmultilines=false

Environment Variables:
PATH=C:\Program Files (x86)\VMware\VMware Player\bin\;C:\Program Files\Common Files\Oracle\Java\javapath;D:\oracle\product\10.2.0\db_1\bin;C:\Windows\system32;C:\Windows;C:\Windows\System32\Wbem;C:\Windows\System32\WindowsPowerShell\v1.0\;C:\Windows\System32\OpenSSH\;C:\Users\MY PC\AppData\Local\Microsoft\WindowsApps;
USERNAME=USER
OS=Windows_NT
PROCESSOR_IDENTIFIER=Intel64 Family 6 Model 69 Stepping 1, GenuineIntel
TMP=C:\Users\MYPC~1\AppData\Local\Temp
TEMP=C:\Users\MYPC~1\AppData\Local\Temp



---------------  S Y S T E M  ---------------

OS:
 Windows 10 , 64 bit Build 19041 (10.0.19041.3155)
OS uptime: 10 days 12:18 hours

CPU: total 4 (initial active 4) (2 cores per cpu, 2 threads per core) family 6 model 69 stepping 1 microcode 0x25, cx8, cmov, fxsr, ht, mmx, sse, sse2, sse3, ssse3, sse4.1, sse4.2, popcnt, lzcnt, tsc, tscinvbit, avx, avx2, aes, erms, clmul, bmi1, bmi2, fma, vzeroupper, clflush, rdtscp

Memory: 4k page, system-wide physical 3988M (799M free)
TotalPageFile size 6065M (AvailPageFile size 15M)
current process WorkingSet (physical memory assigned to process): 113M, peak: 113M
current process commit charge ("private bytes"): 174M, peak: 175M

vm_info: Java HotSpot(TM) 64-Bit Server VM (19.0.2+7-44) for windows-amd64 JRE (19.0.2+7-44), built on 2022-11-30T18:02:09Z by "mach5one" with MS VC++ 17.1 (VS2022)

END.
